2024-04-30T20:05:59.594Z - error: Error al encriptar la contraseña: Invalid salt. Salt must be in the form of: $Vers$log2(NumRounds)$saltvalue
2024-05-14T17:59:29.839Z - error: Error al insertar producto en la base de datos: ER_DUP_ENTRY: Duplicate entry '20' for key 'PRIMARY'
2024-06-10T20:08:59.315Z - [31MERROR[39M: [31mError al cambiar la contraseña: object is not iterable (cannot read property Symbol(Symbol.iterator))[39m
2024-06-10T20:10:42.542Z - [31MERROR[39M: [31mError al cambiar la contraseña: object is not iterable (cannot read property Symbol(Symbol.iterator))[39m
2024-06-10T20:12:39.769Z - [31MERROR[39M: [31mError al cambiar la contraseña: (intermediate value) is not iterable[39m
2024-06-10T20:17:28.890Z - [31MERROR[39M: [31mError al cambiar la contraseña: (intermediate value) is not iterable[39m
2024-06-14T21:58:25.265Z - [31MERROR[39M: [31mError al cambiar la contraseña: (intermediate value) is not iterable[39m
2024-06-22T22:29:23.639Z - [31MERROR[39M: [31mError al añadir producto al carrito: ER_BAD_NULL_ERROR: Column 'id_cliente' cannot be null[39m
2024-06-22T22:32:44.501Z - [31MERROR[39M: [31mError al añadir producto al carrito: ER_BAD_NULL_ERROR: Column 'id_cliente' cannot be null[39m
2024-06-22T22:38:53.737Z - [31MERROR[39M: [31mError al insertar productos del carrito en el pedido: ER_BAD_FIELD_ERROR: Unknown column 'NaN' in 'field list'[39m
2024-06-23T00:03:21.308Z - [31MERROR[39M: [31mError al insertar productos del carrito en el pedido: ER_BAD_FIELD_ERROR: Unknown column 'NaN' in 'field list'[39m
2024-06-23T00:30:51.479Z - [31MERROR[39M: [31mError al insertar productos del carrito en el pedido: ER_BAD_FIELD_ERROR: Unknown column 'NaN' in 'field list'[39m
2024-06-23T00:31:11.084Z - [31MERROR[39M: [31mError al insertar productos del carrito en el pedido: ER_BAD_FIELD_ERROR: Unknown column 'NaN' in 'field list'[39m
2024-06-23T00:31:14.638Z - [31MERROR[39M: [31mError al insertar productos del carrito en el pedido: ER_BAD_FIELD_ERROR: Unknown column 'NaN' in 'field list'[39m
2024-06-23T00:34:32.494Z - [31MERROR[39M: [31mError al insertar productos del carrito en el pedido: ER_BAD_FIELD_ERROR: Unknown column 'NaN' in 'field list'[39m
2024-06-23T00:35:42.512Z - [31MERROR[39M: [31mError al insertar productos del carrito en el pedido: ER_BAD_FIELD_ERROR: Unknown column 'NaN' in 'field list'[39m
2024-06-23T00:40:41.318Z - [31MERROR[39M: [31mError al insertar productos del carrito en el pedido: ER_BAD_FIELD_ERROR: Unknown column 'NaN' in 'field list'[39m
2024-06-23T00:41:58.838Z - [31MERROR[39M: [31mError al insertar productos del carrito en el pedido: ER_BAD_FIELD_ERROR: Unknown column 'NaN' in 'field list'[39m
2024-06-23T00:45:32.075Z - [31MERROR[39M: [31mError al insertar productos del carrito en el pedido: ER_BAD_FIELD_ERROR: Unknown column 'NaN' in 'field list'[39m
2024-06-23T00:47:27.480Z - [31MERROR[39M: [31mError al insertar productos del carrito en el pedido: ER_BAD_FIELD_ERROR: Unknown column 'NaN' in 'field list'[39m
2024-06-25T07:03:20.930Z - [31MERROR[39M: [31mError al añadir producto al carrito: ER_BAD_NULL_ERROR: Column 'id_cliente' cannot be null[39m
2024-06-25T08:58:37.596Z - [31MERROR[39M: [31mError al consultar los detalles del pedido: ER_NO_SUCH_TABLE: Table 'petitoya.productos_pedidos' doesn't exist[39m
2024-06-25T09:03:35.544Z - [31MERROR[39M: [31mError al consultar los detalles del pedido: ER_NO_SUCH_TABLE: Table 'petitoya.productos_pedidos' doesn't exist[39m
2024-06-25T09:03:46.439Z - [31MERROR[39M: [31mError al consultar los detalles del pedido: ER_NO_SUCH_TABLE: Table 'petitoya.productos_pedidos' doesn't exist[39m
2024-06-26T03:41:06.230Z - [31MERROR[39M: [31mError al añadir producto al carrito: ER_BAD_NULL_ERROR: Column 'id_cliente' cannot be null[39m
2024-06-26T03:41:07.973Z - [31MERROR[39M: [31mError al añadir producto al carrito: ER_BAD_NULL_ERROR: Column 'id_cliente' cannot be null[39m
2024-06-26T04:01:26.171Z - [31MERROR[39M: [31mError al habilitar el producto: ER_SP_DOES_NOT_EXIST: PROCEDURE petitoya.HabilitarProducto does not exist[39m
2024-06-26T04:02:36.133Z - [31MERROR[39M: [31mError al habilitar el producto: ER_SP_DOES_NOT_EXIST: PROCEDURE petitoya.HabilitarProducto does not exist[39m
2024-07-11T21:06:42.292Z - [31MERROR[39M: [31mError al añadir producto al carrito: ER_BAD_NULL_ERROR: Column 'id_cliente' cannot be null[39m
2024-07-16T20:35:10.230Z - [31MERROR[39M: [31mError al registrar usuario: Converting circular structure to JSON[39m
[31m    --> starting at object with constructor 'Query'[39m
[31m    |     property '_timer' -> object with constructor 'Timer'[39m
[31m    --- property '_object' closes the circle[39m
2024-07-16T20:35:46.090Z - [31MERROR[39M: [31mError al registrar usuario: Converting circular structure to JSON[39m
[31m    --> starting at object with constructor 'Query'[39m
[31m    |     property '_timer' -> object with constructor 'Timer'[39m
[31m    --- property '_object' closes the circle[39m
2024-07-16T20:36:14.420Z - [31MERROR[39M: [31mError al registrar usuario: Converting circular structure to JSON[39m
[31m    --> starting at object with constructor 'Query'[39m
[31m    |     property '_timer' -> object with constructor 'Timer'[39m
[31m    --- property '_object' closes the circle[39m
2024-07-16T20:37:48.125Z - [31MERROR[39M: [31mError al registrar usuario: Converting circular structure to JSON[39m
[31m    --> starting at object with constructor 'Query'[39m
[31m    |     property '_timer' -> object with constructor 'Timer'[39m
[31m    --- property '_object' closes the circle[39m
2024-07-16T20:38:03.452Z - [31MERROR[39M: [31mError al registrar usuario: Converting circular structure to JSON[39m
[31m    --> starting at object with constructor 'Query'[39m
[31m    |     property '_timer' -> object with constructor 'Timer'[39m
[31m    --- property '_object' closes the circle[39m
2024-07-16T20:52:15.441Z - [31MERROR[39M: [31mError al registrar usuario: (intermediate value) is not iterable[39m
2024-07-16T20:52:51.328Z - [31MERROR[39M: [31mError al registrar usuario: (intermediate value) is not iterable[39m
2024-07-16T20:55:38.233Z - [31MERROR[39M: [31mError al registrar usuario: (intermediate value) is not iterable[39m
2024-07-16T20:59:27.777Z - [31MERROR[39M: [31mError al registrar usuario: (intermediate value) is not iterable[39m
2024-07-16T20:59:47.802Z - [31MERROR[39M: [31mError al registrar usuario: (intermediate value) is not iterable[39m
2024-07-16T21:00:16.325Z - [31MERROR[39M: [31mError al registrar usuario: (intermediate value) is not iterable[39m
2024-07-16T21:00:39.665Z - [31MERROR[39M: [31mError al registrar usuario: object is not iterable (cannot read property Symbol(Symbol.iterator))[39m
2024-07-16T21:05:02.800Z - [31MERROR[39M: [31mError al registrar usuario: (intermediate value) is not iterable[39m
2024-07-16T21:05:22.365Z - [31MERROR[39M: [31mError al registrar usuario: (intermediate value) is not iterable[39m
2024-07-16T21:06:53.647Z - [31MERROR[39M: [31mError al registrar usuario: Console.log is not a function[39m
2024-07-16T21:08:49.229Z - [31MERROR[39M: [31mError al registrar usuario: (intermediate value) is not iterable[39m
2024-07-17T18:39:27.214Z - [31MERROR[39M: [31mError al registrar usuario: (intermediate value) is not iterable[39m
2024-07-17T18:41:04.792Z - [31MERROR[39M: [31mError al registrar usuario: (intermediate value) is not iterable[39m
2024-07-17T19:53:29.371Z - [31MERROR[39M: [31mError al registrar usuario: (intermediate value) is not iterable[39m
